{"C:\\Users\\LEILO\\Allysson\\Projetos\\Minha-Compra\\.expo\\types\\router.d.ts": {"path":"C:\\Users\\LEILO\\Allysson\\Projetos\\Minha-Compra\\.expo\\types\\router.d.ts","statementMap":{},"fnMap":{},"branchMap":{},"s":{},"f":{},"b":{}}
,"C:\\Users\\LEILO\\Allysson\\Projetos\\Minha-Compra\\app\\(tabs)\\index.tsx": {"path":"C:\\Users\\LEILO\\Allysson\\Projetos\\Minha-Compra\\app\\(tabs)\\index.tsx","statementMap":{"0":{"start":{"line":5,"column":2},"end":{"line":5,"column":26}},"1":{"start":{"line":8,"column":15},"end":{"line":8,"column":36}}},"fnMap":{"0":{"name":"App","decl":{"start":{"line":4,"column":24},"end":{"line":4,"column":27}},"loc":{"start":{"line":4,"column":30},"end":{"line":6,"column":1}},"line":4}},"branchMap":{},"s":{"0":1,"1":1},"f":{"0":1},"b":{},"_coverageSchema":"1a1c01bbd47fc00a2c39e90264f33305004495a9","hash":"645f2325a3e218dd6304eaef29ecf45c4b1696ad"}
,"C:\\Users\\LEILO\\Allysson\\Projetos\\Minha-Compra\\src\\api\\consultaNfce.tsx": {"path":"C:\\Users\\LEILO\\Allysson\\Projetos\\Minha-Compra\\src\\api\\consultaNfce.tsx","statementMap":{"0":{"start":{"line":5,"column":26},"end":{"line":12,"column":3}},"1":{"start":{"line":14,"column":2},"end":{"line":115,"column":3}},"2":{"start":{"line":15,"column":21},"end":{"line":15,"column":42}},"3":{"start":{"line":17,"column":4},"end":{"line":19,"column":5}},"4":{"start":{"line":18,"column":6},"end":{"line":18,"column":41}},"5":{"start":{"line":21,"column":17},"end":{"line":21,"column":38}},"6":{"start":{"line":23,"column":20},"end":{"line":23,"column":57}},"7":{"start":{"line":24,"column":22},"end":{"line":24,"column":47}},"8":{"start":{"line":25,"column":26},"end":{"line":25,"column":57}},"9":{"start":{"line":26,"column":25},"end":{"line":26,"column":60}},"10":{"start":{"line":27,"column":30},"end":{"line":29,"column":5}},"11":{"start":{"line":30,"column":21},"end":{"line":30,"column":68}},"12":{"start":{"line":31,"column":20},"end":{"line":31,"column":63}},"13":{"start":{"line":32,"column":31},"end":{"line":32,"column":77}},"14":{"start":{"line":33,"column":20},"end":{"line":33,"column":41}},"15":{"start":{"line":34,"column":21},"end":{"line":34,"column":57}},"16":{"start":{"line":37,"column":4},"end":{"line":109,"column":5}},"17":{"start":{"line":38,"column":24},"end":{"line":38,"column":58}},"18":{"start":{"line":39,"column":24},"end":{"line":39,"column":54}},"19":{"start":{"line":40,"column":28},"end":{"line":40,"column":68}},"20":{"start":{"line":41,"column":27},"end":{"line":41,"column":66}},"21":{"start":{"line":42,"column":32},"end":{"line":42,"column":76}},"22":{"start":{"line":46,"column":23},"end":{"line":46,"column":58}},"23":{"start":{"line":47,"column":22},"end":{"line":47,"column":65}},"24":{"start":{"line":48,"column":33},"end":{"line":48,"column":77}},"25":{"start":{"line":49,"column":22},"end":{"line":49,"column":55}},"26":{"start":{"line":50,"column":23},"end":{"line":50,"column":58}},"27":{"start":{"line":53,"column":6},"end":{"line":61,"column":7}},"28":{"start":{"line":54,"column":26},"end":{"line":54,"column":99}},"29":{"start":{"line":55,"column":22},"end":{"line":55,"column":45}},"30":{"start":{"line":56,"column":25},"end":{"line":56,"column":47}},"31":{"start":{"line":58,"column":8},"end":{"line":60,"column":9}},"32":{"start":{"line":59,"column":10},"end":{"line":59,"column":33}},"33":{"start":{"line":63,"column":6},"end":{"line":98,"column":7}},"34":{"start":{"line":65,"column":32},"end":{"line":80,"column":9}},"35":{"start":{"line":82,"column":8},"end":{"line":84,"column":17}},"36":{"start":{"line":86,"column":8},"end":{"line":91,"column":17}},"37":{"start":{"line":93,"column":8},"end":{"line":93,"column":78}},"38":{"start":{"line":95,"column":8},"end":{"line":95,"column":96}},"39":{"start":{"line":97,"column":8},"end":{"line":97,"column":30}},"40":{"start":{"line":101,"column":6},"end":{"line":101,"column":66}},"41":{"start":{"line":102,"column":6},"end":{"line":102,"column":56}},"42":{"start":{"line":103,"column":6},"end":{"line":103,"column":70}},"43":{"start":{"line":104,"column":6},"end":{"line":104,"column":72}},"44":{"start":{"line":105,"column":6},"end":{"line":108,"column":7}},"45":{"start":{"line":111,"column":4},"end":{"line":111,"column":43}},"46":{"start":{"line":112,"column":4},"end":{"line":112,"column":15}},"47":{"start":{"line":114,"column":4},"end":{"line":114,"column":38}}},"fnMap":{"0":{"name":"consultarNFCe","decl":{"start":{"line":4,"column":15},"end":{"line":4,"column":28}},"loc":{"start":{"line":4,"column":42},"end":{"line":116,"column":1}},"line":4}},"branchMap":{"0":{"loc":{"start":{"line":17,"column":4},"end":{"line":19,"column":5}},"type":"if","locations":[{"start":{"line":17,"column":4},"end":{"line":19,"column":5}},{"start":{},"end":{}}],"line":17},"1":{"loc":{"start":{"line":37,"column":11},"end":{"line":37,"column":49}},"type":"binary-expr","locations":[{"start":{"line":37,"column":11},"end":{"line":37,"column":27}},{"start":{"line":37,"column":31},"end":{"line":37,"column":49}}],"line":37},"2":{"loc":{"start":{"line":53,"column":6},"end":{"line":61,"column":7}},"type":"if","locations":[{"start":{"line":53,"column":6},"end":{"line":61,"column":7}},{"start":{},"end":{}}],"line":53},"3":{"loc":{"start":{"line":53,"column":10},"end":{"line":53,"column":44}},"type":"binary-expr","locations":[{"start":{"line":53,"column":10},"end":{"line":53,"column":26}},{"start":{"line":53,"column":30},"end":{"line":53,"column":44}}],"line":53},"4":{"loc":{"start":{"line":58,"column":8},"end":{"line":60,"column":9}},"type":"if","locations":[{"start":{"line":58,"column":8},"end":{"line":60,"column":9}},{"start":{},"end":{}}],"line":58},"5":{"loc":{"start":{"line":63,"column":6},"end":{"line":98,"column":7}},"type":"if","locations":[{"start":{"line":63,"column":6},"end":{"line":98,"column":7}},{"start":{},"end":{}}],"line":63},"6":{"loc":{"start":{"line":63,"column":10},"end":{"line":63,"column":46}},"type":"binary-expr","locations":[{"start":{"line":63,"column":10},"end":{"line":63,"column":26}},{"start":{"line":63,"column":30},"end":{"line":63,"column":46}}],"line":63}},"s":{"0":0,"1":0,"2":0,"3":0,"4":0,"5":0,"6":0,"7":0,"8":0,"9":0,"10":0,"11":0,"12":0,"13":0,"14":0,"15":0,"16":0,"17":0,"18":0,"19":0,"20":0,"21":0,"22":0,"23":0,"24":0,"25":0,"26":0,"27":0,"28":0,"29":0,"30":0,"31":0,"32":0,"33":0,"34":0,"35":0,"36":0,"37":0,"38":0,"39":0,"40":0,"41":0,"42":0,"43":0,"44":0,"45":0,"46":0,"47":0},"f":{"0":0},"b":{"0":[0,0],"1":[0,0],"2":[0,0],"3":[0,0],"4":[0,0],"5":[0,0],"6":[0,0]},"_coverageSchema":"1a1c01bbd47fc00a2c39e90264f33305004495a9","hash":"d5d76ebcdd501c8e84a23b346c34ef2f3fdeafb7"}
,"C:\\Users\\LEILO\\Allysson\\Projetos\\Minha-Compra\\src\\components\\Cam\\index.tsx": {"path":"C:\\Users\\LEILO\\Allysson\\Projetos\\Minha-Compra\\src\\components\\Cam\\index.tsx","statementMap":{"0":{"start":{"line":7,"column":30},"end":{"line":7,"column":58}},"1":{"start":{"line":8,"column":42},"end":{"line":8,"column":64}},"2":{"start":{"line":10,"column":2},"end":{"line":13,"column":3}},"3":{"start":{"line":12,"column":4},"end":{"line":12,"column":19}},"4":{"start":{"line":15,"column":2},"end":{"line":23,"column":3}},"5":{"start":{"line":17,"column":4},"end":{"line":22,"column":5}},"6":{"start":{"line":30,"column":2},"end":{"line":42,"column":3}},"7":{"start":{"line":36,"column":10},"end":{"line":36,"column":28}},"8":{"start":{"line":45,"column":15},"end":{"line":75,"column":2}}},"fnMap":{"0":{"name":"Cam","decl":{"start":{"line":6,"column":9},"end":{"line":6,"column":12}},"loc":{"start":{"line":6,"column":45},"end":{"line":43,"column":1}},"line":6},"1":{"name":"(anonymous_1)","decl":{"start":{"line":35,"column":26},"end":{"line":35,"column":27}},"loc":{"start":{"line":35,"column":40},"end":{"line":37,"column":9}},"line":35}},"branchMap":{"0":{"loc":{"start":{"line":10,"column":2},"end":{"line":13,"column":3}},"type":"if","locations":[{"start":{"line":10,"column":2},"end":{"line":13,"column":3}},{"start":{},"end":{}}],"line":10},"1":{"loc":{"start":{"line":15,"column":2},"end":{"line":23,"column":3}},"type":"if","locations":[{"start":{"line":15,"column":2},"end":{"line":23,"column":3}},{"start":{},"end":{}}],"line":15}},"s":{"0":2,"1":2,"2":2,"3":2,"4":0,"5":0,"6":0,"7":0,"8":3},"f":{"0":2,"1":0},"b":{"0":[2,0],"1":[0,0]},"_coverageSchema":"1a1c01bbd47fc00a2c39e90264f33305004495a9","hash":"70d53a700088b3834c64b78919a4e1ddad76f115"}
,"C:\\Users\\LEILO\\Allysson\\Projetos\\Minha-Compra\\src\\components\\Cam\\styles.ts": {"path":"C:\\Users\\LEILO\\Allysson\\Projetos\\Minha-Compra\\src\\components\\Cam\\styles.ts","statementMap":{"0":{"start":{"line":3,"column":23},"end":{"line":8,"column":1}}},"fnMap":{},"branchMap":{},"s":{"0":0},"f":{},"b":{}}
,"C:\\Users\\LEILO\\Allysson\\Projetos\\Minha-Compra\\src\\components\\Overlay\\index.tsx": {"path":"C:\\Users\\LEILO\\Allysson\\Projetos\\Minha-Compra\\src\\components\\Overlay\\index.tsx","statementMap":{"0":{"start":{"line":4,"column":16},"end":{"line":10,"column":1}},"1":{"start":{"line":5,"column":2},"end":{"line":9,"column":3}},"2":{"start":{"line":12,"column":15},"end":{"line":27,"column":2}}},"fnMap":{"0":{"name":"(anonymous_0)","decl":{"start":{"line":4,"column":16},"end":{"line":4,"column":17}},"loc":{"start":{"line":4,"column":22},"end":{"line":10,"column":1}},"line":4}},"branchMap":{},"s":{"0":4,"1":1,"2":4},"f":{"0":1},"b":{},"_coverageSchema":"1a1c01bbd47fc00a2c39e90264f33305004495a9","hash":"980f16d971bb197f3e05116ad529afada11d7a98"}
,"C:\\Users\\LEILO\\Allysson\\Projetos\\Minha-Compra\\src\\components\\Overlay\\styles.ts": {"path":"C:\\Users\\LEILO\\Allysson\\Projetos\\Minha-Compra\\src\\components\\Overlay\\styles.ts","statementMap":{"0":{"start":{"line":3,"column":23},"end":{"line":8,"column":1}}},"fnMap":{},"branchMap":{},"s":{"0":0},"f":{},"b":{}}
,"C:\\Users\\LEILO\\Allysson\\Projetos\\Minha-Compra\\src\\navigation\\index.tsx": {"path":"C:\\Users\\LEILO\\Allysson\\Projetos\\Minha-Compra\\src\\navigation\\index.tsx","statementMap":{"0":{"start":{"line":7,"column":14},"end":{"line":7,"column":60}},"1":{"start":{"line":8,"column":12},"end":{"line":8,"column":56}},"2":{"start":{"line":10,"column":22},"end":{"line":40,"column":1}},"3":{"start":{"line":11,"column":2},"end":{"line":39,"column":3}},"4":{"start":{"line":13,"column":37},"end":{"line":35,"column":7}},"5":{"start":{"line":19,"column":10},"end":{"line":27,"column":11}},"6":{"start":{"line":20,"column":12},"end":{"line":20,"column":33}},"7":{"start":{"line":21,"column":17},"end":{"line":27,"column":11}},"8":{"start":{"line":22,"column":12},"end":{"line":22,"column":33}},"9":{"start":{"line":23,"column":17},"end":{"line":27,"column":11}},"10":{"start":{"line":24,"column":12},"end":{"line":24,"column":33}},"11":{"start":{"line":26,"column":12},"end":{"line":26,"column":31}},"12":{"start":{"line":29,"column":10},"end":{"line":29,"column":70}}},"fnMap":{"0":{"name":"(anonymous_0)","decl":{"start":{"line":10,"column":22},"end":{"line":10,"column":23}},"loc":{"start":{"line":10,"column":28},"end":{"line":40,"column":1}},"line":10},"1":{"name":"(anonymous_1)","decl":{"start":{"line":13,"column":21},"end":{"line":13,"column":22}},"loc":{"start":{"line":13,"column":37},"end":{"line":35,"column":7}},"line":13},"2":{"name":"(anonymous_2)","decl":{"start":{"line":16,"column":20},"end":{"line":16,"column":21}},"loc":{"start":{"line":16,"column":41},"end":{"line":30,"column":9}},"line":16}},"branchMap":{"0":{"loc":{"start":{"line":19,"column":10},"end":{"line":27,"column":11}},"type":"if","locations":[{"start":{"line":19,"column":10},"end":{"line":27,"column":11}},{"start":{"line":21,"column":17},"end":{"line":27,"column":11}}],"line":19},"1":{"loc":{"start":{"line":21,"column":17},"end":{"line":27,"column":11}},"type":"if","locations":[{"start":{"line":21,"column":17},"end":{"line":27,"column":11}},{"start":{"line":23,"column":17},"end":{"line":27,"column":11}}],"line":21},"2":{"loc":{"start":{"line":23,"column":17},"end":{"line":27,"column":11}},"type":"if","locations":[{"start":{"line":23,"column":17},"end":{"line":27,"column":11}},{"start":{"line":25,"column":17},"end":{"line":27,"column":11}}],"line":23}},"s":{"0":1,"1":1,"2":1,"3":1,"4":1,"5":2,"6":2,"7":0,"8":0,"9":0,"10":0,"11":0,"12":2},"f":{"0":1,"1":1,"2":2},"b":{"0":[2,0],"1":[0,0],"2":[0,0]},"_coverageSchema":"1a1c01bbd47fc00a2c39e90264f33305004495a9","hash":"d9b29e2fcd0713a7a6f8432155367ed378dd6448"}
,"C:\\Users\\LEILO\\Allysson\\Projetos\\Minha-Compra\\src\\screens\\Home\\index.tsx": {"path":"C:\\Users\\LEILO\\Allysson\\Projetos\\Minha-Compra\\src\\screens\\Home\\index.tsx","statementMap":{"0":{"start":{"line":9,"column":42},"end":{"line":9,"column":57}},"1":{"start":{"line":11,"column":21},"end":{"line":13,"column":3}},"2":{"start":{"line":12,"column":4},"end":{"line":12,"column":34}},"3":{"start":{"line":15,"column":27},"end":{"line":25,"column":3}},"4":{"start":{"line":16,"column":4},"end":{"line":16,"column":28}},"5":{"start":{"line":17,"column":4},"end":{"line":17,"column":26}},"6":{"start":{"line":27,"column":2},"end":{"line":37,"column":3}}},"fnMap":{"0":{"name":"Home","decl":{"start":{"line":8,"column":9},"end":{"line":8,"column":13}},"loc":{"start":{"line":8,"column":16},"end":{"line":38,"column":1}},"line":8},"1":{"name":"(anonymous_1)","decl":{"start":{"line":11,"column":21},"end":{"line":11,"column":22}},"loc":{"start":{"line":11,"column":27},"end":{"line":13,"column":3}},"line":11},"2":{"name":"(anonymous_2)","decl":{"start":{"line":15,"column":27},"end":{"line":15,"column":28}},"loc":{"start":{"line":15,"column":50},"end":{"line":25,"column":3}},"line":15}},"branchMap":{"0":{"loc":{"start":{"line":29,"column":7},"end":{"line":29,"column":68}},"type":"cond-expr","locations":[{"start":{"line":29,"column":22},"end":{"line":29,"column":61}},{"start":{"line":29,"column":64},"end":{"line":29,"column":68}}],"line":29}},"s":{"0":2,"1":2,"2":0,"3":2,"4":0,"5":0,"6":2},"f":{"0":2,"1":0,"2":0},"b":{"0":[0,2]},"_coverageSchema":"1a1c01bbd47fc00a2c39e90264f33305004495a9","hash":"ce5c7749437453dd15ef34276eea17fb0f381850"}
,"C:\\Users\\LEILO\\Allysson\\Projetos\\Minha-Compra\\src\\screens\\Home\\styles.ts": {"path":"C:\\Users\\LEILO\\Allysson\\Projetos\\Minha-Compra\\src\\screens\\Home\\styles.ts","statementMap":{"0":{"start":{"line":3,"column":23},"end":{"line":8,"column":1}}},"fnMap":{},"branchMap":{},"s":{"0":2},"f":{},"b":{},"_coverageSchema":"1a1c01bbd47fc00a2c39e90264f33305004495a9","hash":"28d81339d40bbe1a77b57844e8fbd6582f83b8df"}
,"C:\\Users\\LEILO\\Allysson\\Projetos\\Minha-Compra\\src\\types\\index.tsx": {"path":"C:\\Users\\LEILO\\Allysson\\Projetos\\Minha-Compra\\src\\types\\index.tsx","statementMap":{},"fnMap":{},"branchMap":{},"s":{},"f":{},"b":{}}
}
