{"C:\\Users\\LEILO\\Allysson\\Projetos\\Mykt\\app\\(tabs)\\index.tsx": {"path":"C:\\Users\\LEILO\\Allysson\\Projetos\\Mykt\\app\\(tabs)\\index.tsx","statementMap":{"0":{"start":{"line":5,"column":2},"end":{"line":5,"column":26}},"1":{"start":{"line":8,"column":15},"end":{"line":8,"column":36}}},"fnMap":{"0":{"name":"App","decl":{"start":{"line":4,"column":24},"end":{"line":4,"column":27}},"loc":{"start":{"line":4,"column":30},"end":{"line":6,"column":1}},"line":4}},"branchMap":{},"s":{"0":1,"1":1},"f":{"0":1},"b":{},"_coverageSchema":"1a1c01bbd47fc00a2c39e90264f33305004495a9","hash":"a947153fb3c18367bf6ed8b7263286c58d7668b7"}
,"C:\\Users\\LEILO\\Allysson\\Projetos\\Mykt\\src\\api\\consultaNfce.tsx": {"path":"C:\\Users\\LEILO\\Allysson\\Projetos\\Mykt\\src\\api\\consultaNfce.tsx","statementMap":{"0":{"start":{"line":5,"column":26},"end":{"line":10,"column":3}},"1":{"start":{"line":12,"column":2},"end":{"line":94,"column":3}},"2":{"start":{"line":13,"column":21},"end":{"line":13,"column":42}},"3":{"start":{"line":15,"column":4},"end":{"line":17,"column":5}},"4":{"start":{"line":16,"column":6},"end":{"line":16,"column":41}},"5":{"start":{"line":20,"column":17},"end":{"line":20,"column":38}},"6":{"start":{"line":22,"column":20},"end":{"line":22,"column":57}},"7":{"start":{"line":23,"column":22},"end":{"line":23,"column":47}},"8":{"start":{"line":24,"column":26},"end":{"line":24,"column":57}},"9":{"start":{"line":25,"column":25},"end":{"line":25,"column":60}},"10":{"start":{"line":26,"column":30},"end":{"line":28,"column":5}},"11":{"start":{"line":30,"column":23},"end":{"line":30,"column":69}},"12":{"start":{"line":31,"column":28},"end":{"line":31,"column":80}},"13":{"start":{"line":34,"column":26},"end":{"line":34,"column":70}},"14":{"start":{"line":35,"column":31},"end":{"line":35,"column":86}},"15":{"start":{"line":38,"column":4},"end":{"line":88,"column":5}},"16":{"start":{"line":39,"column":24},"end":{"line":39,"column":58}},"17":{"start":{"line":40,"column":24},"end":{"line":40,"column":54}},"18":{"start":{"line":41,"column":28},"end":{"line":41,"column":68}},"19":{"start":{"line":42,"column":27},"end":{"line":42,"column":66}},"20":{"start":{"line":43,"column":32},"end":{"line":43,"column":76}},"21":{"start":{"line":46,"column":23},"end":{"line":46,"column":63}},"22":{"start":{"line":47,"column":26},"end":{"line":47,"column":69}},"23":{"start":{"line":49,"column":6},"end":{"line":77,"column":7}},"24":{"start":{"line":51,"column":32},"end":{"line":65,"column":9}},"25":{"start":{"line":68,"column":8},"end":{"line":70,"column":17}},"26":{"start":{"line":71,"column":8},"end":{"line":71,"column":57}},"27":{"start":{"line":73,"column":8},"end":{"line":75,"column":17}},"28":{"start":{"line":76,"column":8},"end":{"line":76,"column":30}},"29":{"start":{"line":80,"column":6},"end":{"line":80,"column":66}},"30":{"start":{"line":81,"column":6},"end":{"line":81,"column":56}},"31":{"start":{"line":82,"column":6},"end":{"line":82,"column":70}},"32":{"start":{"line":83,"column":6},"end":{"line":83,"column":72}},"33":{"start":{"line":84,"column":6},"end":{"line":87,"column":7}},"34":{"start":{"line":90,"column":4},"end":{"line":90,"column":43}},"35":{"start":{"line":91,"column":4},"end":{"line":91,"column":21}},"36":{"start":{"line":93,"column":4},"end":{"line":93,"column":38}}},"fnMap":{"0":{"name":"consultarNFCe","decl":{"start":{"line":4,"column":15},"end":{"line":4,"column":28}},"loc":{"start":{"line":4,"column":42},"end":{"line":95,"column":1}},"line":4}},"branchMap":{"0":{"loc":{"start":{"line":15,"column":4},"end":{"line":17,"column":5}},"type":"if","locations":[{"start":{"line":15,"column":4},"end":{"line":17,"column":5}},{"start":{},"end":{}}],"line":15},"1":{"loc":{"start":{"line":38,"column":11},"end":{"line":38,"column":49}},"type":"binary-expr","locations":[{"start":{"line":38,"column":11},"end":{"line":38,"column":27}},{"start":{"line":38,"column":31},"end":{"line":38,"column":49}}],"line":38},"2":{"loc":{"start":{"line":49,"column":6},"end":{"line":77,"column":7}},"type":"if","locations":[{"start":{"line":49,"column":6},"end":{"line":77,"column":7}},{"start":{},"end":{}}],"line":49},"3":{"loc":{"start":{"line":49,"column":10},"end":{"line":49,"column":46}},"type":"binary-expr","locations":[{"start":{"line":49,"column":10},"end":{"line":49,"column":26}},{"start":{"line":49,"column":30},"end":{"line":49,"column":46}}],"line":49}},"s":{"0":0,"1":0,"2":0,"3":0,"4":0,"5":0,"6":0,"7":0,"8":0,"9":0,"10":0,"11":0,"12":0,"13":0,"14":0,"15":0,"16":0,"17":0,"18":0,"19":0,"20":0,"21":0,"22":0,"23":0,"24":0,"25":0,"26":0,"27":0,"28":0,"29":0,"30":0,"31":0,"32":0,"33":0,"34":0,"35":0,"36":0},"f":{"0":0},"b":{"0":[0,0],"1":[0,0],"2":[0,0],"3":[0,0]},"_coverageSchema":"1a1c01bbd47fc00a2c39e90264f33305004495a9","hash":"f0029ac7f028f1386cc6ba45bef75b166cfb2f28"}
,"C:\\Users\\LEILO\\Allysson\\Projetos\\Mykt\\src\\components\\Cam\\index.tsx": {"path":"C:\\Users\\LEILO\\Allysson\\Projetos\\Mykt\\src\\components\\Cam\\index.tsx","statementMap":{"0":{"start":{"line":7,"column":30},"end":{"line":7,"column":58}},"1":{"start":{"line":8,"column":42},"end":{"line":8,"column":64}},"2":{"start":{"line":10,"column":2},"end":{"line":13,"column":3}},"3":{"start":{"line":12,"column":4},"end":{"line":12,"column":19}},"4":{"start":{"line":15,"column":2},"end":{"line":23,"column":3}},"5":{"start":{"line":17,"column":4},"end":{"line":22,"column":5}},"6":{"start":{"line":30,"column":2},"end":{"line":42,"column":3}},"7":{"start":{"line":36,"column":10},"end":{"line":36,"column":28}},"8":{"start":{"line":45,"column":15},"end":{"line":75,"column":2}}},"fnMap":{"0":{"name":"Cam","decl":{"start":{"line":6,"column":9},"end":{"line":6,"column":12}},"loc":{"start":{"line":6,"column":45},"end":{"line":43,"column":1}},"line":6},"1":{"name":"(anonymous_1)","decl":{"start":{"line":35,"column":26},"end":{"line":35,"column":27}},"loc":{"start":{"line":35,"column":40},"end":{"line":37,"column":9}},"line":35}},"branchMap":{"0":{"loc":{"start":{"line":10,"column":2},"end":{"line":13,"column":3}},"type":"if","locations":[{"start":{"line":10,"column":2},"end":{"line":13,"column":3}},{"start":{},"end":{}}],"line":10},"1":{"loc":{"start":{"line":15,"column":2},"end":{"line":23,"column":3}},"type":"if","locations":[{"start":{"line":15,"column":2},"end":{"line":23,"column":3}},{"start":{},"end":{}}],"line":15}},"s":{"0":2,"1":2,"2":2,"3":2,"4":0,"5":0,"6":0,"7":0,"8":3},"f":{"0":2,"1":0},"b":{"0":[2,0],"1":[0,0]},"_coverageSchema":"1a1c01bbd47fc00a2c39e90264f33305004495a9","hash":"e80b86c1a652f1c1e125b17f5d88c7c959655a75"}
,"C:\\Users\\LEILO\\Allysson\\Projetos\\Mykt\\src\\components\\Cam\\styles.ts": {"path":"C:\\Users\\LEILO\\Allysson\\Projetos\\Mykt\\src\\components\\Cam\\styles.ts","statementMap":{"0":{"start":{"line":3,"column":23},"end":{"line":8,"column":1}}},"fnMap":{},"branchMap":{},"s":{"0":0},"f":{},"b":{}}
,"C:\\Users\\LEILO\\Allysson\\Projetos\\Mykt\\src\\components\\Overlay\\index.tsx": {"path":"C:\\Users\\LEILO\\Allysson\\Projetos\\Mykt\\src\\components\\Overlay\\index.tsx","statementMap":{"0":{"start":{"line":4,"column":16},"end":{"line":10,"column":1}},"1":{"start":{"line":5,"column":2},"end":{"line":9,"column":3}},"2":{"start":{"line":12,"column":15},"end":{"line":27,"column":2}}},"fnMap":{"0":{"name":"(anonymous_0)","decl":{"start":{"line":4,"column":16},"end":{"line":4,"column":17}},"loc":{"start":{"line":4,"column":22},"end":{"line":10,"column":1}},"line":4}},"branchMap":{},"s":{"0":4,"1":1,"2":4},"f":{"0":1},"b":{},"_coverageSchema":"1a1c01bbd47fc00a2c39e90264f33305004495a9","hash":"dd71575b405e08b66a9bda9817882da899ec62d8"}
,"C:\\Users\\LEILO\\Allysson\\Projetos\\Mykt\\src\\components\\Overlay\\styles.ts": {"path":"C:\\Users\\LEILO\\Allysson\\Projetos\\Mykt\\src\\components\\Overlay\\styles.ts","statementMap":{"0":{"start":{"line":3,"column":23},"end":{"line":8,"column":1}}},"fnMap":{},"branchMap":{},"s":{"0":0},"f":{},"b":{}}
,"C:\\Users\\LEILO\\Allysson\\Projetos\\Mykt\\src\\navigation\\index.tsx": {"path":"C:\\Users\\LEILO\\Allysson\\Projetos\\Mykt\\src\\navigation\\index.tsx","statementMap":{"0":{"start":{"line":7,"column":14},"end":{"line":7,"column":60}},"1":{"start":{"line":8,"column":12},"end":{"line":8,"column":56}},"2":{"start":{"line":10,"column":22},"end":{"line":38,"column":1}},"3":{"start":{"line":11,"column":2},"end":{"line":37,"column":3}},"4":{"start":{"line":13,"column":37},"end":{"line":33,"column":7}},"5":{"start":{"line":19,"column":10},"end":{"line":25,"column":11}},"6":{"start":{"line":20,"column":12},"end":{"line":20,"column":31}},"7":{"start":{"line":21,"column":17},"end":{"line":25,"column":11}},"8":{"start":{"line":22,"column":12},"end":{"line":22,"column":33}},"9":{"start":{"line":24,"column":12},"end":{"line":24,"column":31}},"10":{"start":{"line":27,"column":10},"end":{"line":27,"column":70}}},"fnMap":{"0":{"name":"(anonymous_0)","decl":{"start":{"line":10,"column":22},"end":{"line":10,"column":23}},"loc":{"start":{"line":10,"column":28},"end":{"line":38,"column":1}},"line":10},"1":{"name":"(anonymous_1)","decl":{"start":{"line":13,"column":21},"end":{"line":13,"column":22}},"loc":{"start":{"line":13,"column":37},"end":{"line":33,"column":7}},"line":13},"2":{"name":"(anonymous_2)","decl":{"start":{"line":16,"column":20},"end":{"line":16,"column":21}},"loc":{"start":{"line":16,"column":41},"end":{"line":28,"column":9}},"line":16}},"branchMap":{"0":{"loc":{"start":{"line":19,"column":10},"end":{"line":25,"column":11}},"type":"if","locations":[{"start":{"line":19,"column":10},"end":{"line":25,"column":11}},{"start":{"line":21,"column":17},"end":{"line":25,"column":11}}],"line":19},"1":{"loc":{"start":{"line":21,"column":17},"end":{"line":25,"column":11}},"type":"if","locations":[{"start":{"line":21,"column":17},"end":{"line":25,"column":11}},{"start":{"line":23,"column":17},"end":{"line":25,"column":11}}],"line":21}},"s":{"0":1,"1":1,"2":1,"3":1,"4":1,"5":2,"6":2,"7":0,"8":0,"9":0,"10":2},"f":{"0":1,"1":1,"2":2},"b":{"0":[2,0],"1":[0,0]},"_coverageSchema":"1a1c01bbd47fc00a2c39e90264f33305004495a9","hash":"3171fab23b7aa89dd020b5698ccdde8f1a9851d6"}
,"C:\\Users\\LEILO\\Allysson\\Projetos\\Mykt\\src\\screens\\Home\\index.tsx": {"path":"C:\\Users\\LEILO\\Allysson\\Projetos\\Mykt\\src\\screens\\Home\\index.tsx","statementMap":{"0":{"start":{"line":9,"column":42},"end":{"line":9,"column":57}},"1":{"start":{"line":11,"column":21},"end":{"line":13,"column":3}},"2":{"start":{"line":12,"column":4},"end":{"line":12,"column":34}},"3":{"start":{"line":15,"column":27},"end":{"line":25,"column":3}},"4":{"start":{"line":16,"column":4},"end":{"line":16,"column":28}},"5":{"start":{"line":17,"column":4},"end":{"line":17,"column":26}},"6":{"start":{"line":27,"column":2},"end":{"line":37,"column":3}}},"fnMap":{"0":{"name":"Home","decl":{"start":{"line":8,"column":9},"end":{"line":8,"column":13}},"loc":{"start":{"line":8,"column":16},"end":{"line":38,"column":1}},"line":8},"1":{"name":"(anonymous_1)","decl":{"start":{"line":11,"column":21},"end":{"line":11,"column":22}},"loc":{"start":{"line":11,"column":27},"end":{"line":13,"column":3}},"line":11},"2":{"name":"(anonymous_2)","decl":{"start":{"line":15,"column":27},"end":{"line":15,"column":28}},"loc":{"start":{"line":15,"column":50},"end":{"line":25,"column":3}},"line":15}},"branchMap":{"0":{"loc":{"start":{"line":29,"column":7},"end":{"line":29,"column":68}},"type":"cond-expr","locations":[{"start":{"line":29,"column":22},"end":{"line":29,"column":61}},{"start":{"line":29,"column":64},"end":{"line":29,"column":68}}],"line":29}},"s":{"0":2,"1":2,"2":0,"3":2,"4":0,"5":0,"6":2},"f":{"0":2,"1":0,"2":0},"b":{"0":[0,2]},"_coverageSchema":"1a1c01bbd47fc00a2c39e90264f33305004495a9","hash":"19c007212d32366592dbf4677b10acb9b6871c78"}
,"C:\\Users\\LEILO\\Allysson\\Projetos\\Mykt\\src\\screens\\Home\\styles.ts": {"path":"C:\\Users\\LEILO\\Allysson\\Projetos\\Mykt\\src\\screens\\Home\\styles.ts","statementMap":{"0":{"start":{"line":3,"column":23},"end":{"line":8,"column":1}}},"fnMap":{},"branchMap":{},"s":{"0":2},"f":{},"b":{},"_coverageSchema":"1a1c01bbd47fc00a2c39e90264f33305004495a9","hash":"9b5b60e50945065018182e943f2fd9f73a657e52"}
,"C:\\Users\\LEILO\\Allysson\\Projetos\\Mykt\\src\\types\\index.tsx": {"path":"C:\\Users\\LEILO\\Allysson\\Projetos\\Mykt\\src\\types\\index.tsx","statementMap":{},"fnMap":{},"branchMap":{},"s":{},"f":{},"b":{}}
}
