TN:
SF:app\(tabs)\index.tsx
FN:4,App
FNF:1
FNH:1
FNDA:1,App
DA:5,1
DA:8,1
LF:2
LH:2
BRF:0
BRH:0
end_of_record
TN:
SF:src\api\consultaNfce.tsx
FN:4,consultarNFCe
FNF:1
FNH:0
FNDA:0,consultarNFCe
DA:5,0
DA:12,0
DA:13,0
DA:15,0
DA:16,0
DA:20,0
DA:22,0
DA:23,0
DA:24,0
DA:25,0
DA:26,0
DA:30,0
DA:31,0
DA:34,0
DA:35,0
DA:38,0
DA:39,0
DA:40,0
DA:41,0
DA:42,0
DA:43,0
DA:46,0
DA:47,0
DA:49,0
DA:51,0
DA:68,0
DA:71,0
DA:73,0
DA:76,0
DA:80,0
DA:81,0
DA:82,0
DA:83,0
DA:84,0
DA:90,0
DA:91,0
DA:93,0
LF:37
LH:0
BRDA:15,0,0,0
BRDA:15,0,1,0
BRDA:38,1,0,0
BRDA:38,1,1,0
BRDA:49,2,0,0
BRDA:49,2,1,0
BRDA:49,3,0,0
BRDA:49,3,1,0
BRF:8
BRH:0
end_of_record
TN:
SF:src\components\Cam\index.tsx
FN:6,Cam
FN:35,(anonymous_1)
FNF:2
FNH:1
FNDA:2,Cam
FNDA:0,(anonymous_1)
DA:7,2
DA:8,2
DA:10,2
DA:12,2
DA:15,0
DA:17,0
DA:30,0
DA:36,0
DA:45,3
LF:9
LH:5
BRDA:10,0,0,2
BRDA:10,0,1,0
BRDA:15,1,0,0
BRDA:15,1,1,0
BRF:4
BRH:1
end_of_record
TN:
SF:src\components\Cam\styles.ts
FNF:0
FNH:0
DA:3,0
LF:1
LH:0
BRF:0
BRH:0
end_of_record
TN:
SF:src\components\Overlay\index.tsx
FN:4,(anonymous_0)
FNF:1
FNH:1
FNDA:1,(anonymous_0)
DA:4,4
DA:5,1
DA:12,4
LF:3
LH:3
BRF:0
BRH:0
end_of_record
TN:
SF:src\components\Overlay\styles.ts
FNF:0
FNH:0
DA:3,0
LF:1
LH:0
BRF:0
BRH:0
end_of_record
TN:
SF:src\navigation\index.tsx
FN:10,(anonymous_0)
FN:13,(anonymous_1)
FN:16,(anonymous_2)
FNF:3
FNH:3
FNDA:1,(anonymous_0)
FNDA:1,(anonymous_1)
FNDA:2,(anonymous_2)
DA:7,1
DA:8,1
DA:10,1
DA:11,1
DA:13,1
DA:19,2
DA:20,2
DA:21,0
DA:22,0
DA:24,0
DA:27,2
LF:11
LH:8
BRDA:19,0,0,2
BRDA:19,0,1,0
BRDA:21,1,0,0
BRDA:21,1,1,0
BRF:4
BRH:1
end_of_record
TN:
SF:src\screens\Home\index.tsx
FN:8,Home
FN:11,(anonymous_1)
FN:15,(anonymous_2)
FNF:3
FNH:1
FNDA:2,Home
FNDA:0,(anonymous_1)
FNDA:0,(anonymous_2)
DA:9,2
DA:11,2
DA:12,0
DA:15,2
DA:16,0
DA:17,0
DA:27,2
LF:7
LH:4
BRDA:29,0,0,0
BRDA:29,0,1,2
BRF:2
BRH:1
end_of_record
TN:
SF:src\screens\Home\styles.ts
FNF:0
FNH:0
DA:3,2
LF:1
LH:1
BRF:0
BRH:0
end_of_record
TN:
SF:src\types\index.tsx
FNF:0
FNH:0
LF:0
LH:0
BRF:0
BRH:0
end_of_record
